Not Found: /ndf/admin/
Not Found: /static/admin/css/base.css
Not Found: /static/admin/js/theme.js
Not Found: /static/admin/css/responsive.css
Not Found: /static/admin/css/login.css
Not Found: /static/admin/css/dark_mode.css
Not Found: /static/admin/css/nav_sidebar.css
Not Found: /static/admin/css/login.css
Not Found: /static/admin/js/nav_sidebar.js
Not Found: /static/admin/css/responsive.css
Not Found: /static/admin/js/theme.js
Not Found: /static/admin/css/nav_sidebar.css
Not Found: /static/admin/css/dark_mode.css
Not Found: /static/admin/css/base.css
Not Found: /static/admin/css/dashboard.css
Not Found: /static/admin/css/responsive.css
Not Found: /static/admin/css/nav_sidebar.css
Not Found: /static/admin/js/nav_sidebar.js
Not Found: /static/admin/css/dark_mode.css
Not Found: /static/admin/css/nav_sidebar.css
Not Found: /static/admin/css/base.css
Not Found: /static/admin/js/theme.js
Not Found: /static/admin/css/responsive.css
Not Found: /static/admin/css/dashboard.css
Not Found: /static/admin/css/responsive.css
Not Found: /static/admin/js/nav_sidebar.js
Not Found: /static/admin/css/nav_sidebar.css
Not Found: /static/admin/css/dashboard.css
Not Found: /ndf/api/rating/
Invalid HTTP_HOST header: 'mail.remedyby.ir'. You may need to add 'mail.remedyby.ir' to ALLOWED_HOSTS.
Traceback (most recent call last):
  File "/home/remedybyir/virtualenv/ndf_d/3.12/lib/python3.12/site-packages/django/core/handlers/exception.py", line 55, in inner
    response = get_response(request)
               ^^^^^^^^^^^^^^^^^^^^^
  File "/home/remedybyir/virtualenv/ndf_d/3.12/lib/python3.12/site-packages/django/utils/deprecation.py", line 119, in __call__
    response = self.process_request(request)
               ^^^^^^^^^^^^^^^^^^^^^^^^^^^^^
  File "/home/remedybyir/virtualenv/ndf_d/3.12/lib/python3.12/site-packages/django/middleware/common.py", line 48, in process_request
    host = request.get_host()
           ^^^^^^^^^^^^^^^^^^
  File "/home/remedybyir/virtualenv/ndf_d/3.12/lib/python3.12/site-packages/django/http/request.py", line 202, in get_host
    raise DisallowedHost(msg)
django.core.exceptions.DisallowedHost: Invalid HTTP_HOST header: 'mail.remedyby.ir'. You may need to add 'mail.remedyby.ir' to ALLOWED_HOSTS.
Invalid HTTP_HOST header: 'mail.remedyby.ir'. You may need to add 'mail.remedyby.ir' to ALLOWED_HOSTS.
Traceback (most recent call last):
  File "/home/remedybyir/virtualenv/ndf_d/3.12/lib/python3.12/site-packages/django/core/handlers/exception.py", line 55, in inner
    response = get_response(request)
               ^^^^^^^^^^^^^^^^^^^^^
  File "/home/remedybyir/virtualenv/ndf_d/3.12/lib/python3.12/site-packages/django/utils/deprecation.py", line 119, in __call__
    response = self.process_request(request)
               ^^^^^^^^^^^^^^^^^^^^^^^^^^^^^
  File "/home/remedybyir/virtualenv/ndf_d/3.12/lib/python3.12/site-packages/django/middleware/common.py", line 48, in process_request
    host = request.get_host()
           ^^^^^^^^^^^^^^^^^^
  File "/home/remedybyir/virtualenv/ndf_d/3.12/lib/python3.12/site-packages/django/http/request.py", line 202, in get_host
    raise DisallowedHost(msg)
django.core.exceptions.DisallowedHost: Invalid HTTP_HOST header: 'mail.remedyby.ir'. You may need to add 'mail.remedyby.ir' to ALLOWED_HOSTS.
Invalid HTTP_HOST header: 'mail.remedyby.ir'. You may need to add 'mail.remedyby.ir' to ALLOWED_HOSTS.
Traceback (most recent call last):
  File "/home/remedybyir/virtualenv/ndf_d/3.12/lib/python3.12/site-packages/django/core/handlers/exception.py", line 55, in inner
    response = get_response(request)
               ^^^^^^^^^^^^^^^^^^^^^
  File "/home/remedybyir/virtualenv/ndf_d/3.12/lib/python3.12/site-packages/django/utils/deprecation.py", line 119, in __call__
    response = self.process_request(request)
               ^^^^^^^^^^^^^^^^^^^^^^^^^^^^^
  File "/home/remedybyir/virtualenv/ndf_d/3.12/lib/python3.12/site-packages/django/middleware/common.py", line 48, in process_request
    host = request.get_host()
           ^^^^^^^^^^^^^^^^^^
  File "/home/remedybyir/virtualenv/ndf_d/3.12/lib/python3.12/site-packages/django/http/request.py", line 202, in get_host
    raise DisallowedHost(msg)
django.core.exceptions.DisallowedHost: Invalid HTTP_HOST header: 'mail.remedyby.ir'. You may need to add 'mail.remedyby.ir' to ALLOWED_HOSTS.
Invalid HTTP_HOST header: 'mail.remedyby.ir'. You may need to add 'mail.remedyby.ir' to ALLOWED_HOSTS.
Traceback (most recent call last):
  File "/home/remedybyir/virtualenv/ndf_d/3.12/lib/python3.12/site-packages/django/core/handlers/exception.py", line 55, in inner
    response = get_response(request)
               ^^^^^^^^^^^^^^^^^^^^^
  File "/home/remedybyir/virtualenv/ndf_d/3.12/lib/python3.12/site-packages/django/utils/deprecation.py", line 119, in __call__
    response = self.process_request(request)
               ^^^^^^^^^^^^^^^^^^^^^^^^^^^^^
  File "/home/remedybyir/virtualenv/ndf_d/3.12/lib/python3.12/site-packages/django/middleware/common.py", line 48, in process_request
    host = request.get_host()
           ^^^^^^^^^^^^^^^^^^
  File "/home/remedybyir/virtualenv/ndf_d/3.12/lib/python3.12/site-packages/django/http/request.py", line 202, in get_host
    raise DisallowedHost(msg)
django.core.exceptions.DisallowedHost: Invalid HTTP_HOST header: 'mail.remedyby.ir'. You may need to add 'mail.remedyby.ir' to ALLOWED_HOSTS.
Invalid HTTP_HOST header: 'mail.remedyby.ir'. You may need to add 'mail.remedyby.ir' to ALLOWED_HOSTS.
Traceback (most recent call last):
  File "/home/remedybyir/virtualenv/ndf_d/3.12/lib/python3.12/site-packages/django/core/handlers/exception.py", line 55, in inner
    response = get_response(request)
               ^^^^^^^^^^^^^^^^^^^^^
  File "/home/remedybyir/virtualenv/ndf_d/3.12/lib/python3.12/site-packages/django/utils/deprecation.py", line 119, in __call__
    response = self.process_request(request)
               ^^^^^^^^^^^^^^^^^^^^^^^^^^^^^
  File "/home/remedybyir/virtualenv/ndf_d/3.12/lib/python3.12/site-packages/django/middleware/common.py", line 48, in process_request
    host = request.get_host()
           ^^^^^^^^^^^^^^^^^^
  File "/home/remedybyir/virtualenv/ndf_d/3.12/lib/python3.12/site-packages/django/http/request.py", line 202, in get_host
    raise DisallowedHost(msg)
django.core.exceptions.DisallowedHost: Invalid HTTP_HOST header: 'mail.remedyby.ir'. You may need to add 'mail.remedyby.ir' to ALLOWED_HOSTS.
Not Found: /favicon.ico
Not Found: /favicon.ico
Not Found: /favicon.ico
Not Found: /payment/index.php
